\BOOKMARK [1][-]{section.1}{Einleitung}{}% 1
\BOOKMARK [1][-]{section.2}{Material und Methoden}{}% 2
\BOOKMARK [2][-]{subsection.2.1}{Proband}{section.2}% 3
\BOOKMARK [2][-]{subsection.2.2}{Laufband}{section.2}% 4
\BOOKMARK [2][-]{subsection.2.3}{Laufstrecke mit Kraftmessplatte}{section.2}% 5
\BOOKMARK [2][-]{subsection.2.4}{Datenauswertung}{section.2}% 6
\BOOKMARK [3][-]{subsubsection.2.4.1}{Datenstruktur}{subsection.2.4}% 7
\BOOKMARK [3][-]{subsubsection.2.4.2}{Numerische Verfahren}{subsection.2.4}% 8
\BOOKMARK [3][-]{subsubsection.2.4.3}{Anthropometrie}{subsection.2.4}% 9
\BOOKMARK [2][-]{subsection.2.5}{Auswertung Laufband}{section.2}% 10
\BOOKMARK [3][-]{subsubsection.2.5.1}{Inverse Dynamik}{subsection.2.5}% 11
\BOOKMARK [3][-]{subsubsection.2.5.2}{Vergleich Laufband - Laufstrecke}{subsection.2.5}% 12
\BOOKMARK [1][-]{section.3}{Ergebnisse}{}% 13
\BOOKMARK [2][-]{subsection.3.1}{Laufband}{section.3}% 14
\BOOKMARK [2][-]{subsection.3.2}{Laufstrecke}{section.3}% 15
\BOOKMARK [3][-]{subsubsection.3.2.1}{Bodenreaktionskr\344fte}{subsection.3.2}% 16
\BOOKMARK [3][-]{subsubsection.3.2.2}{Inverse Dynamik}{subsection.3.2}% 17
\BOOKMARK [2][-]{subsection.3.3}{Vergleich Laufband und Laufstrecke}{section.3}% 18
\BOOKMARK [1][-]{section.4}{Diskussion}{}% 19
\BOOKMARK [2][-]{subsection.4.1}{Durchgef\374hrte Experimente}{section.4}% 20
\BOOKMARK [2][-]{subsection.4.2}{Bodenreaktionskr\344fte}{section.4}% 21
\BOOKMARK [2][-]{subsection.4.3}{Vergleich Laufband}{section.4}% 22
\BOOKMARK [1][-]{section.5}{Literatur}{}% 23
